<?xml version="1.0" encoding="UTF-8"?>
<!-- Generated by org.testng.reporters.JUnitReportReporter -->
<testsuite hostname="INM01607" failures="0" tests="1" name="api.test.DDTest" time="0.000" errors="0" timestamp="2024-03-19T13:13:00 IST" skipped="1">
  <testcase classname="api.test.DDTest" name="testpostuser" time="0.000">
    <skipped/>
  </testcase> <!-- testpostuser -->
  <system-out/>
</testsuite> <!-- api.test.DDTest -->
