<?xml version="1.0" encoding="UTF-8"?>
<!-- Generated by org.testng.reporters.JUnitReportReporter -->
<testsuite hostname="INM01607" failures="0" tests="3" name="api.test.UserTests" time="8.598" errors="0" timestamp="2024-07-29T12:09:08 IST" skipped="0">
  <testcase classname="api.test.UserTests" name="Getstatus" time="1.618"/>
  <system-out/>
  <testcase classname="api.test.UserTests" name="Responsevalidation" time="3.151"/>
  <system-out/>
  <testcase classname="api.test.UserTests" name="Getbookslist" time="3.829"/>
  <system-out/>
</testsuite> <!-- api.test.UserTests -->
